<?xml version="1.0" encoding="UTF-8"?>
<testng-results ignored="0" total="1" passed="1" failed="0" skipped="0">
  <reporter-output>
  </reporter-output>
  <suite started-at="2023-10-10T11:51:47 IST" name="Suite" finished-at="2023-10-10T11:52:09 IST" duration-ms="21637">
    <groups>
    </groups>
    <test started-at="2023-10-10T11:51:47 IST" name="Test" finished-at="2023-10-10T11:52:09 IST" duration-ms="21637">
      <class name="TestCases.TC_LoginPage">
        <test-method is-config="true" signature="openApplication()[pri:0, instance:TestCases.TC_LoginPage@30c15d8b]" started-at="2023-10-10T11:51:48 IST" name="openApplication" finished-at="2023-10-10T11:51:50 IST" duration-ms="2400" status="PASS">
          <reporter-output>
          </reporter-output>
        </test-method> <!-- openApplication -->
        <test-method signature="logintest()[pri:0, instance:TestCases.TC_LoginPage@30c15d8b]" started-at="2023-10-10T11:51:50 IST" name="logintest" finished-at="2023-10-10T11:52:09 IST" duration-ms="18754" status="PASS">
          <reporter-output>
          </reporter-output>
        </test-method> <!-- logintest -->
        <test-method is-config="true" signature="closeApplication()[pri:0, instance:TestCases.TC_LoginPage@30c15d8b]" started-at="2023-10-10T11:52:09 IST" name="closeApplication" finished-at="2023-10-10T11:52:09 IST" duration-ms="201" status="PASS">
          <reporter-output>
          </reporter-output>
        </test-method> <!-- closeApplication -->
      </class> <!-- TestCases.TC_LoginPage -->
    </test> <!-- Test -->
  </suite> <!-- Suite -->
</testng-results>
